<?xml version="1.0" encoding="UTF-8"?>
<TestRun id="dfc194d8-4dae-4aee-9fea-85e23ac7cfb9" name="Alkazar@MYCOMPUTER 2012-03-28 17:02:50" runUser="MYCOMPUTER\Alkazar" xmlns="http://microsoft.com/schemas/VisualStudio/TeamTest/2010">
  <TestSettings name="Локальные" id="3e161229-29d7-4c86-b21b-606fedb78d38">
    <Description>Это - параметры по умолчанию для локального тестового запуска.</Description>
    <Deployment enabled="false" runDeploymentRoot="Alkazar_MYCOMPUTER 2012-03-28 17_02_50" />
    <Execution>
      <TestTypeSpecific />
      <AgentRule name="Execution Agents">
      </AgentRule>
    </Execution>
  </TestSettings>
  <Times creation="2012-03-28T17:02:50.6250000+03:00" queuing="2012-03-28T17:02:52.8437500+03:00" start="2012-03-28T17:02:53.3437500+03:00" finish="2012-03-28T17:03:23.0312500+03:00" />
  <ResultSummary outcome="Failed">
    <Counters total="1" executed="1" error="0" failed="1" timeout="0" aborted="0" inconclusive="0" passedButRunAborted="0" notRunnable="0" notExecuted="0" disconnected="0" warning="0" passed="0" completed="0" inProgress="0" pending="0" />
  </ResultSummary>
  <TestDefinitions>
    <UnitTest name="CodedUITestMethod1" storage="c:\documents and settings\alkazar\мои документы\visual studio 2010\projects\alliedsandboxtest\testproject1\bin\debug\testproject1.dll" id="5dde3252-d11e-4d72-1059-6a1ca942ff60">
      <Execution id="30055863-05ea-45da-bb88-6a5a73cb4bce" />
      <TestMethod codeBase="C:/Documents and Settings/Alkazar/мои документы/visual studio 2010/Projects/AlliedSandboxTest/TestProject1/bin/Debug/TestProject1.DLL" adapterTypeName="Microsoft.VisualStudio.TestTools.TestTypes.Unit.UnitTestAdapter, Microsoft.VisualStudio.QualityTools.Tips.UnitTest.Adapter, Version=10.0.0.0, Culture=neutral, PublicKeyToken=b03f5f7f11d50a3a" className="TestProject1.GUITest, TestProject1, Version=1.0.0.0, Culture=neutral, PublicKeyToken=null" name="CodedUITestMethod1" />
      <Extension>Microsoft.VisualStudio.TestTools.UITesting.CodedUITestAttribute, Microsoft.VisualStudio.QualityTools.CodedUITestFramework, Version=10.0.0.0, Culture=neutral, PublicKeyToken=b03f5f7f11d50a3a</Extension>
    </UnitTest>
  </TestDefinitions>
  <TestLists>
    <TestList name="Отсутствующие в списке результаты" id="8c84fa94-04c1-424b-9868-57a2d4851a1d" />
    <TestList name="Все загруженные результаты" id="19431567-8539-422a-85d7-44ee4e166bda" />
  </TestLists>
  <TestEntries>
    <TestEntry testId="5dde3252-d11e-4d72-1059-6a1ca942ff60" executionId="30055863-05ea-45da-bb88-6a5a73cb4bce" testListId="8c84fa94-04c1-424b-9868-57a2d4851a1d" />
  </TestEntries>
  <Results>
    <UnitTestResult executionId="30055863-05ea-45da-bb88-6a5a73cb4bce" testId="5dde3252-d11e-4d72-1059-6a1ca942ff60" testName="CodedUITestMethod1" computerName="MYCOMPUTER" duration="00:00:27.1336712" startTime="2012-03-28T17:02:53.4062500+03:00" endTime="2012-03-28T17:03:22.7500000+03:00" testType="13cdc9d9-ddb5-4fa4-a97d-d965ccfc6d4b" outcome="Failed" testListId="8c84fa94-04c1-424b-9868-57a2d4851a1d" relativeResultsDirectory="30055863-05ea-45da-bb88-6a5a73cb4bce">
      <Output>
        <DebugTrace>W, 5004, 14, 2012/03/28, 17:02:59.031, 19932333759010, QTAgent32.exe, Playback - [WARNING] Internal warning: Window Not Found: [VisibleOnly]ControlType='Window' &amp;&amp; Name='Authentication' &amp;&amp; ClassName=&gt;'WindowsForms10.Window'
\0
E, 5004, 14, 2012/03/28, 17:02:59.046, 19932383923010, QTAgent32.exe, &lt;a class=failure&gt;Playback - {1} [FAILED] Function ElementFetcher::FindScreenElement failed to locate UI element (Searching: ;[VisibleOnly]ControlType='Window' &amp;&amp; Name='Authentication' &amp;&amp; ClassName=&gt;'WindowsForms10.Window') (Указанный объект не найден.)
\0&lt;/a&gt;
E, 5004, 14, 2012/03/28, 17:02:59.343, 19932875993850, QTAgent32.exe, Playback - [IMAGE] C:\Documents and Settings\Alkazar\Local Settings\Temp\UITestLogs\LastRun\RPFA3.png
\0
W, 5004, 14, 2012/03/28, 17:02:59.343, 19932876476340, QTAgent32.exe, Playback - [WARNING] Internal warning: Couldn't find descendants that match QueryId
\0
W, 5004, 14, 2012/03/28, 17:02:59.359, 19932901475720, QTAgent32.exe, PERF WARNING: FindTopLevelWindowHelper::FindAllDescendents: took 2279 ms. Expected it to take maximum 500 ms.
W, 5004, 14, 2012/03/28, 17:03:17.718, 19963486440570, QTAgent32.exe, Playback - [WARNING] Internal warning: Window Not Found: [VisibleOnly]ControlType='Window' &amp;&amp; Name='Authentication' &amp;&amp; ClassName=&gt;'WindowsForms10.Window'
\0
E, 5004, 14, 2012/03/28, 17:03:17.718, 19963487223290, QTAgent32.exe, &lt;a class=failure&gt;Playback - {2} [FAILED] Function ElementFetcher::FindScreenElement failed to locate UI element (Searching: ;[VisibleOnly]ControlType='Window' &amp;&amp; Name='Authentication' &amp;&amp; ClassName=&gt;'WindowsForms10.Window') (Указанный объект не найден.)
\0&lt;/a&gt;
E, 5004, 14, 2012/03/28, 17:03:17.906, 19963813748710, QTAgent32.exe, Playback - [IMAGE] C:\Documents and Settings\Alkazar\Local Settings\Temp\UITestLogs\LastRun\RPFA4.png
\0
W, 5004, 14, 2012/03/28, 17:03:17.921, 19963814480110, QTAgent32.exe, Playback - [WARNING] Internal warning: Couldn't find descendants that match QueryId
\0
W, 5004, 14, 2012/03/28, 17:03:17.921, 19963815583860, QTAgent32.exe, PERF WARNING: FindTopLevelWindowHelper::FindAllDescendents: took 18483 ms. Expected it to take maximum 500 ms.
W, 5004, 14, 2012/03/28, 17:03:18.406, 19964644517360, QTAgent32.exe, Playback - [WARNING] Internal warning: Smart Match failed
\0
W, 5004, 14, 2012/03/28, 17:03:19.546, 19966532196380, QTAgent32.exe, Playback - [WARNING] Internal warning: Smart Match failed
\0
W, 5004, 14, 2012/03/28, 17:03:20.312, 19967814477590, QTAgent32.exe, Playback - [WARNING] Internal warning: Smart Match failed
\0
W, 5004, 14, 2012/03/28, 17:03:21.031, 19969011098340, QTAgent32.exe, Playback - [WARNING] Internal warning: Smart Match failed
\0
W, 5004, 14, 2012/03/28, 17:03:21.609, 19969967825330, QTAgent32.exe, Playback - [WARNING] Internal warning: Window Not Found: [VisibleOnly]ControlType='Window' &amp;&amp; Name='Authentication' &amp;&amp; ClassName=&gt;'WindowsForms10.Window'
\0
E, 5004, 14, 2012/03/28, 17:03:21.609, 19969968547960, QTAgent32.exe, &lt;a class=failure&gt;Playback - {3} [FAILED] Function ElementFetcher::FindScreenElement failed to locate UI element (Searching: ;[VisibleOnly]ControlType='Window' &amp;&amp; Name='Authentication' &amp;&amp; ClassName=&gt;'WindowsForms10.Window') (Указанный объект не найден.)
\0&lt;/a&gt;
E, 5004, 14, 2012/03/28, 17:03:21.765, 19970229497550, QTAgent32.exe, Playback - [IMAGE] C:\Documents and Settings\Alkazar\Local Settings\Temp\UITestLogs\LastRun\RPFA5.png
\0
W, 5004, 14, 2012/03/28, 17:03:21.765, 19970230135870, QTAgent32.exe, Playback - [WARNING] Internal warning: Couldn't find descendants that match QueryId
\0
W, 5004, 14, 2012/03/28, 17:03:21.765, 19970231225240, QTAgent32.exe, PERF WARNING: FindTopLevelWindowHelper::FindAllDescendents: took 3848 ms. Expected it to take maximum 500 ms.
E, 5004, 14, 2012/03/28, 17:03:21.765, 19970237659400, QTAgent32.exe, Exception: System.Runtime.InteropServices.COMException
	Message: В результате вызова компонента COM возвращена ошибка в формате HRESULT E_FAIL.
	Stack Trace:    в Microsoft.VisualStudio.TestTools.UITest.Playback.Engine.IRPFPlayback.FindAllScreenElements(IScreenElement pScreenElementStart, String bstrQueryId, Object&amp; pvarResKeys, Int32 cResKeys, Int32 nMaxDepth, Object[]&amp; foundDescendants)
   в Microsoft.VisualStudio.TestTools.UITest.Playback.ScreenElement.FindTopLevelWindowHelper(String queryId)
	BaseExceptionMessage: В результате вызова компонента COM возвращена ошибка в формате HRESULT E_FAIL.

E, 5004, 14, 2012/03/28, 17:03:22.296, 19971117291390, QTAgent32.exe, AL: Playback Error: Microsoft.VisualStudio.TestTools.UITest.Extension.UITestControlNotFoundException: Дополнительные сведения При воспроизведении не удалось найти элемент управления с указанными свойствами поиска.: 
TechnologyName:  "MSAA"
ControlType:  "Window"
Name:  "Authentication"
ClassName:  "WindowsForms10.Window"
 ---&gt; System.Runtime.InteropServices.COMException: В результате вызова компонента COM возвращена ошибка в формате HRESULT E_FAIL.
   в Microsoft.VisualStudio.TestTools.UITest.Playback.Engine.IRPFPlayback.FindAllScreenElements(IScreenElement pScreenElementStart, String bstrQueryId, Object&amp; pvarResKeys, Int32 cResKeys, Int32 nMaxDepth, Object[]&amp; foundDescendants)
   в Microsoft.VisualStudio.TestTools.UITest.Playback.ScreenElement.FindTopLevelWindowHelper(String queryId)
   в Microsoft.VisualStudio.TestTools.UITest.Playback.ScreenElement.FindFromPartialQueryId(String queryId)
   в Microsoft.VisualStudio.TestTools.UITesting.UITestControl..ctor(String queryId)
   --- Конец трассировки внутреннего стека исключений ---
   в Microsoft.VisualStudio.TestTools.UITesting.Playback.MapControlNotFoundException(COMException ex, IPlaybackContext context)
   в Microsoft.VisualStudio.TestTools.UITesting.Playback.MapAndThrowComException(COMException innerException, IPlaybackContext context)
   в Microsoft.VisualStudio.TestTools.UITesting.Playback.MapAndThrowException(SystemException exception, IPlaybackContext context)
   в Microsoft.VisualStudio.TestTools.UITesting.Playback.MapAndThrowException(SystemException exception, String queryId)
   в Microsoft.VisualStudio.TestTools.UITesting.UITestControl..ctor(String queryId)
   в Microsoft.VisualStudio.TestTools.UITesting.SearchHelper.SearchTopLevelWindow(ISearchArgument topLevelSearchArg, String topLevelElementQueryId)
   в Microsoft.VisualStudio.TestTools.UITesting.SearchHelper.GetTitleUpdatedTopLevelWindow(ISearchArgument topLevelSearchArg, String queryId, IList`1 windowTitles)
   в Microsoft.VisualStudio.TestTools.UITesting.SearchHelper.GetTopLevelElement(Boolean useCache, Boolean useCacheOnly, ISearchArgument searchArg, IList`1 windowTitles, Int32&amp; timeLeft)
   в Microsoft.VisualStudio.TestTools.UITesting.SearchHelper.GetElement(Boolean useCache, ISearchArgument searchArg)
   в Microsoft.VisualStudio.TestTools.UITesting.SearchHelper.Search(ISearchArgument searchArg)
   в Microsoft.VisualStudio.TestTools.UITesting.UITestControl.FindInternal()
   в Microsoft.VisualStudio.TestTools.UITesting.UITestControl.FindControlIfNecessary()
   в Microsoft.VisualStudio.TestTools.UITesting.UITestControl.SetProperty(String propertyName, Object value)
W, 5004, 14, 2012/03/28, 17:03:22.687, 19971756279170, QTAgent32.exe, IEDOM : StopSession of the plugin called before StartSession
W, 5004, 14, 2012/03/28, 17:03:22.687, 19971756660380, QTAgent32.exe, UIA : StopSession of the plugin called before StartSession
</DebugTrace>
        <ErrorInfo>
          <Message>Метод проверки TestProject1.GUITest.CodedUITestMethod1 выдал исключение: Microsoft.VisualStudio.TestTools.UITest.Extension.UITestControlNotFoundException: Дополнительные сведения При воспроизведении не удалось найти элемент управления с указанными свойствами поиска.: 
TechnologyName:  "MSAA"
ControlType:  "Window"
Name:  "Authentication"
ClassName:  "WindowsForms10.Window"
 ---&gt; System.Runtime.InteropServices.COMException: В результате вызова компонента COM возвращена ошибка в формате HRESULT E_FAIL..</Message>
          <StackTrace>    в Microsoft.VisualStudio.TestTools.UITest.Playback.Engine.IRPFPlayback.FindAllScreenElements(IScreenElement pScreenElementStart, String bstrQueryId, Object&amp; pvarResKeys, Int32 cResKeys, Int32 nMaxDepth, Object[]&amp; foundDescendants)
   в Microsoft.VisualStudio.TestTools.UITest.Playback.ScreenElement.FindTopLevelWindowHelper(String queryId)
   в Microsoft.VisualStudio.TestTools.UITest.Playback.ScreenElement.FindFromPartialQueryId(String queryId)
   в Microsoft.VisualStudio.TestTools.UITesting.UITestControl..ctor(String queryId)
 --- Конец трассировки стека внутреннего исключения ---
    в Microsoft.VisualStudio.TestTools.UITesting.Playback.MapControlNotFoundException(COMException ex, IPlaybackContext context)
   в Microsoft.VisualStudio.TestTools.UITesting.Playback.MapAndThrowComException(COMException innerException, IPlaybackContext context)
   в Microsoft.VisualStudio.TestTools.UITesting.Playback.MapAndThrowException(SystemException exception, IPlaybackContext context)
   в Microsoft.VisualStudio.TestTools.UITesting.Playback.MapAndThrowException(SystemException exception, String queryId)
   в Microsoft.VisualStudio.TestTools.UITesting.UITestControl..ctor(String queryId)
   в Microsoft.VisualStudio.TestTools.UITesting.SearchHelper.SearchTopLevelWindow(ISearchArgument topLevelSearchArg, String topLevelElementQueryId)
   в Microsoft.VisualStudio.TestTools.UITesting.SearchHelper.GetTitleUpdatedTopLevelWindow(ISearchArgument topLevelSearchArg, String queryId, IList`1 windowTitles)
   в Microsoft.VisualStudio.TestTools.UITesting.SearchHelper.GetTopLevelElement(Boolean useCache, Boolean useCacheOnly, ISearchArgument searchArg, IList`1 windowTitles, Int32&amp; timeLeft)
   в Microsoft.VisualStudio.TestTools.UITesting.SearchHelper.GetElement(Boolean useCache, ISearchArgument searchArg)
   в Microsoft.VisualStudio.TestTools.UITesting.SearchHelper.Search(ISearchArgument searchArg)
   в Microsoft.VisualStudio.TestTools.UITesting.UITestControl.FindInternal()
   в Microsoft.VisualStudio.TestTools.UITesting.UITestControl.FindControlIfNecessary()
   в Microsoft.VisualStudio.TestTools.UITesting.UITestControl.SetProperty(String propertyName, Object value)
   в Microsoft.VisualStudio.TestTools.UITesting.WinControls.WinEdit.set_Text(String value)
   в TestProject1.UIMap.LogIn() в C:\Documents and Settings\Alkazar\мои документы\visual studio 2010\Projects\AlliedSandboxTest\TestProject1\UIMap.Designer.cs:строка 48
   в TestProject1.GUITest.CodedUITestMethod1() в C:\Documents and Settings\Alkazar\мои документы\visual studio 2010\Projects\AlliedSandboxTest\TestProject1\GUITest.cs:строка 30
</StackTrace>
        </ErrorInfo>
      </Output>
      <ResultFiles>
        <ResultFile path="MYCOMPUTER\CodedUITestMethod1.png" />
      </ResultFiles>
      <ExtensionResult>Адресат вызова создал исключение.</ExtensionResult>
    </UnitTestResult>
  </Results>
</TestRun>